0 info it worked if it ends with ok
1 verbose cli [ '/usr/local/bin/node', '/usr/local/bin/npm', 'publish' ]
2 info using npm@4.1.2
3 info using node@v7.6.0
4 verbose publish [ '.' ]
5 silly cache add args [ '.', null ]
6 verbose cache add spec .
7 silly cache add parsed spec Result {
7 silly cache add   raw: '.',
7 silly cache add   scope: null,
7 silly cache add   escapedName: null,
7 silly cache add   name: null,
7 silly cache add   rawSpec: '.',
7 silly cache add   spec: '/Users/bertie.blackman/Projects/Other/vue-image-compare',
7 silly cache add   type: 'directory' }
8 verbose addLocalDirectory /Users/bertie.blackman/.npm/vue-image-compare-plus/0.0.1/package.tgz not in flight; packing
9 verbose correctMkdir /Users/bertie.blackman/.npm correctMkdir not in flight; initializing
10 info lifecycle vue-image-compare-plus@0.0.1~prepublish: vue-image-compare-plus@0.0.1
11 silly lifecycle vue-image-compare-plus@0.0.1~prepublish: no script for prepublish, continuing
12 info lifecycle vue-image-compare-plus@0.0.1~prepare: vue-image-compare-plus@0.0.1
13 silly lifecycle vue-image-compare-plus@0.0.1~prepare: no script for prepare, continuing
14 verbose tar pack [ '/Users/bertie.blackman/.npm/vue-image-compare-plus/0.0.1/package.tgz',
14 verbose tar pack   '/Users/bertie.blackman/Projects/Other/vue-image-compare' ]
15 verbose tarball /Users/bertie.blackman/.npm/vue-image-compare-plus/0.0.1/package.tgz
16 verbose folder /Users/bertie.blackman/Projects/Other/vue-image-compare
17 verbose addLocalTarball adding from inside cache /Users/bertie.blackman/.npm/vue-image-compare-plus/0.0.1/package.tgz
18 verbose correctMkdir /Users/bertie.blackman/.npm correctMkdir not in flight; initializing
19 silly cache afterAdd vue-image-compare-plus@0.0.1
20 verbose afterAdd /Users/bertie.blackman/.npm/vue-image-compare-plus/0.0.1/package/package.json not in flight; writing
21 verbose correctMkdir /Users/bertie.blackman/.npm correctMkdir not in flight; initializing
22 verbose afterAdd /Users/bertie.blackman/.npm/vue-image-compare-plus/0.0.1/package/package.json written
23 silly publish { name: 'vue-image-compare-plus',
23 silly publish   version: '0.0.1',
23 silly publish   description: 'Compare two images via slider using vue.js - Now with ability to choose slider start position',
23 silly publish   homepage: 'https://github.com/covertbert/vue-image-compare',
23 silly publish   bugs: { url: 'https://github.com/covertbert/vue-image-compare/issues' },
23 silly publish   main: 'dist/vue-image-compare.js',
23 silly publish   scripts:
23 silly publish    { build: 'npm run build:dev && npm run build:prod',
23 silly publish      'build:dev': 'webpack',
23 silly publish      'build:prod': 'NODE_ENV=prod webpack',
23 silly publish      dev: 'npm run build:dev -- --watch',
23 silly publish      clean: 'npm run clean:dist && npm run clean:vendor',
23 silly publish      'clean:dist': 'rimraf dist/',
23 silly publish      'clean:vendor': 'rimraf node_modules/' },
23 silly publish   repository:
23 silly publish    { type: 'git',
23 silly publish      url: 'git+https://github.com/covertbert/vue-image-compare.git' },
23 silly publish   keywords: [ 'vue', 'image', 'compare', 'comparison', 'slider', 'component' ],
23 silly publish   author:
23 silly publish    { name: 'Marcin Cichocki',
23 silly publish      email: 'marcincichocki1993@gmail.com' },
23 silly publish   license: 'MIT',
23 silly publish   devDependencies:
23 silly publish    { autoprefixer: '^6.5.0',
23 silly publish      'babel-core': '^6.17.0',
23 silly publish      'babel-loader': '^6.2.5',
23 silly publish      'babel-plugin-add-module-exports': '^0.2.1',
23 silly publish      'babel-plugin-transform-runtime': '^6.15.0',
23 silly publish      'babel-preset-es2015': '^6.16.0',
23 silly publish      'css-loader': '^0.25.0',
23 silly publish      'node-sass': '^3.10.1',
23 silly publish      rimraf: '^2.5.4',
23 silly publish      'sass-loader': '^4.0.2',
23 silly publish      'vue-loader': '^10.0.0',
23 silly publish      'vue-template-compiler': '^2.1.10',
23 silly publish      'vue-style-loader': '^1.0.0',
23 silly publish      webpack: '^2.1.0-beta.25' },
23 silly publish   peerDependencies: { vue: '^2.0.0' },
23 silly publish   readme: '# Vue Image Compare\n\n## Requirements\n* [Vue.js](http://vuejs.org/) (^2.0.0)\n\n## Installation\n\n```bash\nnpm i vue-image-compare-plus --save\n```\n\n## Usage\n\n```javascript\nimport Vue from \'vue\';\nimport VueImageCompare from \'vue-image-compare-plus\';\n\nVue.use(VueImageCompare);\n\nnew Vue({\n  data() {\n    return {\n      before: \'/img/before.jpg\',\n      after: \'/img/after.jpg\'\n    }\n  }\n}).$mount(\'#app\');\n```\n\n```html\n<div id="app">\n  <image-compare :before="before" :after="after"/>\n</div>\n```\n\nIf you are **not** using using es6, instead of importing add \n\n```html\n<script src="/path/to/vue-image-compare.js"></script>\n```\n\njust before closing body tag. \n\n## Props\n\n| Name | Type | Description | Required | Default |\n| --- | --- | --- | --- | --- |\n| `before` | `String` | Path to the image image *before* change | Yes | `undefined` |\n| `after` | `String` | Path to the image image *after* change | Yes | `undefined` |\n| `full` | `Boolean` | Determines if images are stretched to fill parent element. Can be used with help of CSS `object-fit: cover` to create full page image comparison | No | `false` |\n| `padding` | `Object` | Set left and right "padding" in pixels, so handle can **not** reach edge of an image | No | `{ left: 0, right: 0 }` |\n| `hideAfter` | `Boolean` | Hide image after and handle | No | `false` |\n| `handleStartPosition` | `String` | Determine handle start position | No | `center` |\n\n## Slots\n\n- `icon-left` - element to be placed on the left side of the handle\n- `icon-right` - element to be placed on the right side of the handle\n\nExample: \n\n```html\n<image-compare before="/img/before.jpg" after="/img/after.jpg" :padding="{ left: 50, right: 50 }">\n  <i class="fa fa-angle-left" aria-hidden="true" slot="icon-left"></i>\n  <i class="fa fa-angle-right" aria-hidden="true" slot="icon-right"></i>\n</image-compare>\n```\n\n## License\n\n[MIT](/LICENSE)',
23 silly publish   readmeFilename: 'README.md',
23 silly publish   gitHead: '906951a9df5f5d64ac020443406b3db6e6dce501',
23 silly publish   _id: 'vue-image-compare-plus@0.0.1',
23 silly publish   _shasum: '128397e47a801ab2f50f28f465744dc05fea7483',
23 silly publish   _from: '.' }
24 info lifecycle vue-image-compare-plus@0.0.1~prepublishOnly: vue-image-compare-plus@0.0.1
25 silly lifecycle vue-image-compare-plus@0.0.1~prepublishOnly: no script for prepublishOnly, continuing
26 verbose getPublishConfig undefined
27 silly mapToRegistry name vue-image-compare-plus
28 silly mapToRegistry using default registry
29 silly mapToRegistry registry https://registry.npmjs.org/
30 silly mapToRegistry data Result {
30 silly mapToRegistry   raw: 'vue-image-compare-plus',
30 silly mapToRegistry   scope: null,
30 silly mapToRegistry   escapedName: 'vue-image-compare-plus',
30 silly mapToRegistry   name: 'vue-image-compare-plus',
30 silly mapToRegistry   rawSpec: '',
30 silly mapToRegistry   spec: 'latest',
30 silly mapToRegistry   type: 'tag' }
31 silly mapToRegistry uri https://registry.npmjs.org/vue-image-compare-plus
32 verbose publish registryBase https://registry.npmjs.org/
33 silly publish uploading /Users/bertie.blackman/.npm/vue-image-compare-plus/0.0.1/package.tgz
34 verbose request uri https://registry.npmjs.org/vue-image-compare-plus
35 verbose request sending authorization for write operation
36 info attempt registry request try #1 at 12:01:50 PM
37 verbose request using bearer token for auth
38 verbose request id 7fc84d8eae6f9d8f
39 http request PUT https://registry.npmjs.org/vue-image-compare-plus
40 http 403 https://registry.npmjs.org/vue-image-compare-plus
41 verbose headers { 'content-type': 'application/json',
41 verbose headers   'cache-control': 'max-age=300',
41 verbose headers   'content-length': '95',
41 verbose headers   'accept-ranges': 'bytes',
41 verbose headers   date: 'Fri, 21 Jul 2017 11:01:54 GMT',
41 verbose headers   via: '1.1 varnish',
41 verbose headers   connection: 'keep-alive',
41 verbose headers   'x-served-by': 'cache-lhr6333-LHR',
41 verbose headers   'x-cache': 'MISS',
41 verbose headers   'x-cache-hits': '0',
41 verbose headers   'x-timer': 'S1500634911.684576,VS0,VE3869',
41 verbose headers   vary: 'Accept-Encoding, Accept' }
42 verbose request invalidating /Users/bertie.blackman/.npm/registry.npmjs.org/vue-image-compare-plus on PUT
43 error publish Failed PUT 403
44 verbose stack Error: "You cannot publish over the previously published version 0.0.1." : vue-image-compare-plus
44 verbose stack     at makeError (/usr/local/lib/node_modules/npm/node_modules/npm-registry-client/lib/request.js:304:12)
44 verbose stack     at CachingRegistryClient.<anonymous> (/usr/local/lib/node_modules/npm/node_modules/npm-registry-client/lib/request.js:292:14)
44 verbose stack     at Request._callback (/usr/local/lib/node_modules/npm/node_modules/npm-registry-client/lib/request.js:212:14)
44 verbose stack     at Request.self.callback (/usr/local/lib/node_modules/npm/node_modules/request/request.js:186:22)
44 verbose stack     at emitTwo (events.js:106:13)
44 verbose stack     at Request.emit (events.js:192:7)
44 verbose stack     at Request.<anonymous> (/usr/local/lib/node_modules/npm/node_modules/request/request.js:1081:10)
44 verbose stack     at emitOne (events.js:96:13)
44 verbose stack     at Request.emit (events.js:189:7)
44 verbose stack     at IncomingMessage.<anonymous> (/usr/local/lib/node_modules/npm/node_modules/request/request.js:1001:12)
45 verbose statusCode 403
46 verbose pkgid vue-image-compare-plus
47 verbose cwd /Users/bertie.blackman/Projects/Other/vue-image-compare
48 error Darwin 16.6.0
49 error argv "/usr/local/bin/node" "/usr/local/bin/npm" "publish"
50 error node v7.6.0
51 error npm  v4.1.2
52 error code E403
53 error "You cannot publish over the previously published version 0.0.1." : vue-image-compare-plus
54 error If you need help, you may report this error at:
54 error     <https://github.com/npm/npm/issues>
55 verbose exit [ 1, true ]
